[0m[[0m[0mdebug[0m] [0m[0mRunning TaskDef(TestLinkedList, org.scalatest.tools.Framework$$anon$1@1f519f71, false, [SuiteSelector])[0m
[0m[[0m[0mdebug[0m] [0m[0mRunning TaskDef(TestDeque, org.scalatest.tools.Framework$$anon$1@1f519f71, false, [SuiteSelector])[0m
[0m[[0m[0mdebug[0m] [0m[0mRunning TaskDef(TestStack, org.scalatest.tools.Framework$$anon$1@1f519f71, false, [SuiteSelector])[0m
[0m[[0m[0mdebug[0m] [0m[0mRunning TaskDef(TestQueue, org.scalatest.tools.Framework$$anon$1@1f519f71, false, [SuiteSelector])[0m
[0m[[0m[0mdebug[0m] [0m[0mRunning TaskDef(TestCircularLinkedList, org.scalatest.tools.Framework$$anon$1@1f519f71, false, [SuiteSelector])[0m
[0m[[0m[0mdebug[0m] [0m[0mRunning TaskDef(TestHash, org.scalatest.tools.Framework$$anon$1@1f519f71, false, [SuiteSelector])[0m
[0m[[0m[0mdebug[0m] [0m[0mRunning TaskDef(TestDoubleLinkedList, org.scalatest.tools.Framework$$anon$1@1f519f71, false, [SuiteSelector])[0m
[0m[[0m[0mdebug[0m] [0m[0mRunning TaskDef(TestBinaryTree, org.scalatest.tools.Framework$$anon$1@1f519f71, false, [SuiteSelector])[0m
[0m[[0m[0minfo[0m] [0m[0m[36mRun completed in 483 milliseconds.[0m[0m
[0m[[0m[0minfo[0m] [0m[0m[36mTotal number of tests run: 55[0m[0m
[0m[[0m[0minfo[0m] [0m[0m[36mSuites: completed 8, aborted 0[0m[0m
[0m[[0m[0minfo[0m] [0m[0m[36mTests: succeeded 43, failed 12, canceled 0, ignored 0, pending 0[0m[0m
[0m[[0m[0minfo[0m] [0m[0m[31m*** 12 TESTS FAILED ***[0m[0m
[0m[[0m[0mdebug[0m] [0m[0mPassed tests:[0m
[0m[[0m[0mdebug[0m] [0m[0m	TestQueue[0m
[0m[[0m[0mdebug[0m] [0m[0m	TestDeque[0m
[0m[[0m[0mdebug[0m] [0m[0m	TestHash[0m
[0m[[0m[0mdebug[0m] [0m[0m	TestBinaryTree[0m
[0m[[0m[0mdebug[0m] [0m[0m	TestLinkedList[0m
[0m[[0m[0mdebug[0m] [0m[0m	TestStack[0m
[0m[[0m[31merror[0m] [0m[0mFailed tests:[0m
[0m[[0m[31merror[0m] [0m[0m	TestDoubleLinkedList[0m
[0m[[0m[31merror[0m] [0m[0m	TestCircularLinkedList[0m
[0m[[0m[31merror[0m] [0m[0m(Test / [31mtest[0m) sbt.TestsFailedException: Tests unsuccessful[0m
